<?xml version="1.0" encoding="UTF-8"?>
<testsuite xmlns:xsi="http://www.w3.org/2001/XMLSchema-instance" xsi:noNamespaceSchemaLocation="https://maven.apache.org/surefire/maven-surefire-plugin/xsd/surefire-test-report.xsd" name="cn.xueden.AppTest" time="0.104" tests="1" errors="0" skipped="0" failures="0">
  <properties>
    <property name="sun.desktop" value="windows"/>
    <property name="awt.toolkit" value="sun.awt.windows.WToolkit"/>
    <property name="file.encoding.pkg" value="sun.io"/>
    <property name="java.specification.version" value="1.8"/>
    <property name="sun.cpu.isalist" value="amd64"/>
    <property name="sun.jnu.encoding" value="GBK"/>
    <property name="java.class.path" value="D:\学灯网录制的视频教程\Intellij IDEA基础入门教程\源码\manager\manager-pojo\target\test-classes;D:\学灯网录制的视频教程\Intellij IDEA基础入门教程\源码\manager\manager-pojo\target\classes;G:\repository\junit\junit\4.11\junit-4.11.jar;G:\repository\org\hamcrest\hamcrest-core\1.3\hamcrest-core-1.3.jar;"/>
    <property name="java.vm.vendor" value="Oracle Corporation"/>
    <property name="sun.arch.data.model" value="64"/>
    <property name="user.variant" value=""/>
    <property name="java.vendor.url" value="http://java.oracle.com/"/>
    <property name="user.timezone" value="Asia/Shanghai"/>
    <property name="java.vm.specification.version" value="1.8"/>
    <property name="os.name" value="Windows 7"/>
    <property name="user.country" value="CN"/>
    <property name="sun.java.launcher" value="SUN_STANDARD"/>
    <property name="sun.boot.library.path" value="E:\anzhuang\jdk18\jre\bin"/>
    <property name="sun.java.command" value="C:\Users\ADMINI~1\AppData\Local\Temp\surefire5635824188711665634\surefirebooter7348352067584640429.jar C:\Users\Administrator\AppData\Local\Temp\surefire5635824188711665634 2019-07-07T18-03-04_053-jvmRun1 surefire4820732606607307656tmp surefire_05610618968285494447tmp"/>
    <property name="surefire.test.class.path" value="D:\学灯网录制的视频教程\Intellij IDEA基础入门教程\源码\manager\manager-pojo\target\test-classes;D:\学灯网录制的视频教程\Intellij IDEA基础入门教程\源码\manager\manager-pojo\target\classes;G:\repository\junit\junit\4.11\junit-4.11.jar;G:\repository\org\hamcrest\hamcrest-core\1.3\hamcrest-core-1.3.jar;"/>
    <property name="sun.cpu.endian" value="little"/>
    <property name="user.home" value="C:\Users\Administrator"/>
    <property name="user.language" value="zh"/>
    <property name="java.specification.vendor" value="Oracle Corporation"/>
    <property name="java.home" value="E:\anzhuang\jdk18\jre"/>
    <property name="basedir" value="D:\学灯网录制的视频教程\Intellij IDEA基础入门教程\源码\manager\manager-pojo"/>
    <property name="file.separator" value="\"/>
    <property name="line.separator" value="&#10;"/>
    <property name="java.vm.specification.vendor" value="Oracle Corporation"/>
    <property name="java.specification.name" value="Java Platform API Specification"/>
    <property name="java.awt.graphicsenv" value="sun.awt.Win32GraphicsEnvironment"/>
    <property name="surefire.real.class.path" value="C:\Users\ADMINI~1\AppData\Local\Temp\surefire5635824188711665634\surefirebooter7348352067584640429.jar"/>
    <property name="sun.boot.class.path" value="E:\anzhuang\jdk18\jre\lib\resources.jar;E:\anzhuang\jdk18\jre\lib\rt.jar;E:\anzhuang\jdk18\jre\lib\sunrsasign.jar;E:\anzhuang\jdk18\jre\lib\jsse.jar;E:\anzhuang\jdk18\jre\lib\jce.jar;E:\anzhuang\jdk18\jre\lib\charsets.jar;E:\anzhuang\jdk18\jre\lib\jfr.jar;E:\anzhuang\jdk18\jre\classes"/>
    <property name="user.script" value=""/>
    <property name="sun.management.compiler" value="HotSpot 64-Bit Tiered Compilers"/>
    <property name="java.runtime.version" value="1.8.0_172-b11"/>
    <property name="user.name" value="Administrator"/>
    <property name="path.separator" value=";"/>
    <property name="os.version" value="6.1"/>
    <property name="java.endorsed.dirs" value="E:\anzhuang\jdk18\jre\lib\endorsed"/>
    <property name="java.runtime.name" value="Java(TM) SE Runtime Environment"/>
    <property name="file.encoding" value="GBK"/>
    <property name="java.vm.name" value="Java HotSpot(TM) 64-Bit Server VM"/>
    <property name="localRepository" value="G:\repository"/>
    <property name="java.vendor.url.bug" value="http://bugreport.sun.com/bugreport/"/>
    <property name="java.io.tmpdir" value="C:\Users\ADMINI~1\AppData\Local\Temp\"/>
    <property name="java.version" value="1.8.0_172"/>
    <property name="user.dir" value="D:\学灯网录制的视频教程\Intellij IDEA基础入门教程\源码\manager\manager-pojo"/>
    <property name="os.arch" value="amd64"/>
    <property name="java.vm.specification.name" value="Java Virtual Machine Specification"/>
    <property name="java.awt.printerjob" value="sun.awt.windows.WPrinterJob"/>
    <property name="sun.os.patch.level" value="Service Pack 1"/>
    <property name="idea.version2019.1.1" value="true"/>
    <property name="java.library.path" value="E:\anzhuang\jdk18\jre\bin;C:\Windows\Sun\Java\bin;C:\Windows\system32;C:\Windows;C:\Program Files (x86)\Common Files\Oracle\Java\javapath;C:\Windows\system32;C:\Windows;C:\Windows\System32\Wbem;C:\Windows\System32\WindowsPowerShell\v1.0\;E:\anzhuang\jdk18\bin;E:\anzhuang\jdk18\jre\bin;E:\anzhuang\svn\bin;C:\PROGRA~2\F-Secure\SSHTRI~1;C:\Program Files\MySQL\MySQL Utilities 1.6\;E:\anzhuang\apache-maven-3.5.2\bin;E:\anzhuang\nodejs\;C:\Program Files (x86)\Microsoft SQL Server\100\Tools\Binn\;C:\Program Files\Microsoft SQL Server\100\Tools\Binn\;C:\Program Files\Microsoft SQL Server\100\DTS\Binn\;C:\Program Files (x86)\Microsoft SQL Server\100\Tools\Binn\VSShell\Common7\IDE\;C:\Program Files (x86)\Microsoft Visual Studio 9.0\Common7\IDE\PrivateAssemblies\;C:\Program Files (x86)\Microsoft SQL Server\100\DTS\Binn\;C:\Users\Administrator\AppData\Roaming\npm;E:\anzhuang\IntelliJ IDEA 2019.1.1\bin;;."/>
    <property name="java.vm.info" value="mixed mode"/>
    <property name="java.vendor" value="Oracle Corporation"/>
    <property name="java.vm.version" value="25.172-b11"/>
    <property name="java.ext.dirs" value="E:\anzhuang\jdk18\jre\lib\ext;C:\Windows\Sun\Java\lib\ext"/>
    <property name="sun.io.unicode.encoding" value="UnicodeLittle"/>
    <property name="java.class.version" value="52.0"/>
  </properties>
  <testcase name="shouldAnswerWithTrue" classname="cn.xueden.AppTest" time="0.007"/>
</testsuite>